<?xml version="1.0" encoding="UTF-8"?>
<!-- Generated by org.testng.reporters.JUnitReportReporter -->
<testsuite hostname="DESKTOP-K66FFMU" failures="0" tests="3" name="testpackage.OverlodTst" time="0.002" errors="0" timestamp="2021-04-30T18:00:36 IST" skipped="0">
  <testcase classname="testpackage.OverlodTst" name="f" time="0.001"/>
  <system-out/>
  <testcase classname="testpackage.OverlodTst" name="Test1" time="0.000"/>
  <system-out/>
  <testcase classname="testpackage.OverlodTst" name="_abc2" time="0.001"/>
  <system-out/>
</testsuite> <!-- testpackage.OverlodTst -->
