<?xml version="1.0" encoding="UTF-8"?>
<!-- Generated by org.testng.reporters.JUnitReportReporter -->
<testsuite skipped="0" hostname="DESKTOP-K66FFMU" name="testpackage.SelTest" tests="1" failures="0" timestamp="2021-05-16T00:55:58 IST" time="49.552" errors="0">
  <testcase name="firstAutoTest" time="49.552" classname="testpackage.SelTest"/>
  <system-out/>
</testsuite> <!-- testpackage.SelTest -->
