<?xml version="1.0" encoding="UTF-8"?>
<!-- Generated by org.testng.reporters.JUnitReportReporter -->
<testsuite hostname="DESKTOP-K66FFMU" failures="0" tests="1" name="testpackage.ScreenshotTest" time="2.755" errors="0" timestamp="2021-05-02T19:27:01 IST" skipped="0">
  <testcase classname="testpackage.ScreenshotTest" name="screenshot" time="2.755"/>
  <system-out/>
</testsuite> <!-- testpackage.ScreenshotTest -->
