<?xml version="1.0" encoding="UTF-8"?>
<!-- Generated by org.testng.reporters.JUnitReportReporter -->
<testsuite hostname="DESKTOP-K66FFMU" failures="0" tests="4" name="testpackage.ParallelExec" time="0.007" errors="0" timestamp="2021-04-30T12:24:38 IST" skipped="0">
  <testcase classname="testpackage.ParallelExec" name="logoutApplication" time="0.001"/>
  <system-out>
Test3 is executed via Thread and Thread Id is 1  </system-out>
  <testcase classname="testpackage.ParallelExec" name="setUp" time="0.000"/>
  <system-out>
Test1 is executed via Thread and Thread Id is 1  </system-out>
  <testcase classname="testpackage.ParallelExec" name="loginApplication" time="0.005"/>
  <system-out>
Test2 is executed via Thread and Thread Id is 1  </system-out>
  <testcase classname="testpackage.ParallelExec" name="sample1" time="0.001"/>
  <system-out/>
</testsuite> <!-- testpackage.ParallelExec -->
