<?xml version="1.0" encoding="UTF-8"?>
<!-- Generated by org.testng.reporters.JUnitReportReporter -->
<testsuite hostname="DESKTOP-K66FFMU" failures="0" tests="3" name="testpackage.NewTest" time="2.834" errors="0" timestamp="2021-05-02T19:26:07 IST" skipped="0">
  <testcase classname="testpackage.NewTest" name="sample1" time="2.833"/>
  <system-out/>
  <testcase classname="testpackage.NewTest" name="sample3" time="0.000"/>
  <system-out/>
  <testcase classname="testpackage.NewTest" name="sample2" time="0.001"/>
  <system-out/>
</testsuite> <!-- testpackage.NewTest -->
